# JRE version: OpenJDK Runtime Environment Temurin-21.0.11+10 (21.0.11+10) (build 21.0.11+10-LTS)
# Java VM: OpenJDK 64-Bit Server VM Temurin-21.0.11+10 (21.0.11+10-LTS, mixed mode, sharing, tiered, compressed oops, compressed class ptrs, parallel gc, windows-amd64)
GC Precious Log:
 CardTable entry size: 512
 CPUs: 12 total, 12 available
 Memory: 7916M
 Large Page Support: Disabled
 NUMA Support: Disabled
 Compressed Oops: Enabled (32-bit)
 Alignments: Space 512K, Generation 512K, Heap 2M
 Heap Min Capacity: 100M
 Heap Initial Capacity: 100M
 Heap Max Capacity: 2G
 Pre-touch: Disabled
 Parallel Workers: 10
Heap:
 PSYoungGen      total 12800K, used 12183K [0x00000000d5580000, 0x00000000d6d00000, 0x0000000100000000)
  eden space 12288K, 97% used [0x00000000d5580000,0x00000000d6125d10,0x00000000d6180000)
  from space 512K, 50% used [0x00000000d6c80000,0x00000000d6cc0000,0x00000000d6d00000)
  to   space 512K, 0% used [0x00000000d6c00000,0x00000000d6c00000,0x00000000d6c80000)
 ParOldGen       total 1102336K, used 1102064K [0x0000000080000000, 0x00000000c3480000, 0x00000000d5580000)
  object space 1102336K, 99% used [0x0000000080000000,0x00000000c343c0c8,0x00000000c3480000)
 Metaspace       used 87105K, committed 88896K, reserved 1179648K
  class space    used 8910K, committed 9728K, reserved 1048576K
GC Heap History (20 events):
Event: 305.697 GC heap before
{Heap before GC invocations=1739 (full 4):
 PSYoungGen      total 9728K, used 9504K [0x00000000d5580000, 0x00000000d6400000, 0x0000000100000000)
  eden space 8704K, 100% used [0x00000000d5580000,0x00000000d5e00000,0x00000000d5e00000)
  from space 1024K, 78% used [0x00000000d6300000,0x00000000d63c8000,0x00000000d6400000)
  to   space 2048K, 0% used [0x00000000d6000000,0x00000000d6000000,0x00000000d6200000)
 ParOldGen       total 1061888K, used 1061686K [0x0000000080000000, 0x00000000c0d00000, 0x00000000d5580000)
  object space 1061888K, 99% used [0x0000000080000000,0x00000000c0ccda50,0x00000000c0d00000)
 Metaspace       used 86604K, committed 88448K, reserved 1179648K
  class space    used 8868K, committed 9728K, reserved 1048576K
}
Event: 305.704 GC heap after
{Heap after GC invocations=1739 (full 4):
 PSYoungGen      total 10752K, used 2045K [0x00000000d5580000, 0x00000000d6f00000, 0x0000000100000000)
  eden space 8704K, 0% used [0x00000000d5580000,0x00000000d5580000,0x00000000d5e00000)
  from space 2048K, 99% used [0x00000000d6000000,0x00000000d61ff660,0x00000000d6200000)
  to   space 8704K, 0% used [0x00000000d6680000,0x00000000d6680000,0x00000000d6f00000)
 ParOldGen       total 1067520K, used 1067013K [0x0000000080000000, 0x00000000c1280000, 0x00000000d5580000)
  object space 1067520K, 99% used [0x0000000080000000,0x00000000c1201690,0x00000000c1280000)
 Metaspace       used 86604K, committed 88448K, reserved 1179648K
  class space    used 8868K, committed 9728K, reserved 1048576K
}
Event: 305.718 GC heap before
{Heap before GC invocations=1740 (full 4):
 PSYoungGen      total 10752K, used 10704K [0x00000000d5580000, 0x00000000d6f00000, 0x0000000100000000)
  eden space 8704K, 99% used [0x00000000d5580000,0x00000000d5df4b48,0x00000000d5e00000)
  from space 2048K, 99% used [0x00000000d6000000,0x00000000d61ff660,0x00000000d6200000)
  to   space 8704K, 0% used [0x00000000d6680000,0x00000000d6680000,0x00000000d6f00000)
 ParOldGen       total 1067520K, used 1067013K [0x0000000080000000, 0x00000000c1280000, 0x00000000d5580000)
  object space 1067520K, 99% used [0x0000000080000000,0x00000000c1201690,0x00000000c1280000)
 Metaspace       used 86604K, committed 88448K, reserved 1179648K
  class space    used 8868K, committed 9728K, reserved 1048576K
}
Event: 305.726 GC heap after
{Heap after GC invocations=1740 (full 4):
 PSYoungGen      total 16896K, used 8354K [0x00000000d5580000, 0x00000000d7000000, 0x0000000100000000)
  eden space 8192K, 0% used [0x00000000d5580000,0x00000000d5580000,0x00000000d5d80000)
  from space 8704K, 95% used [0x00000000d6680000,0x00000000d6ea8800,0x00000000d6f00000)
  to   space 9216K, 0% used [0x00000000d5d80000,0x00000000d5d80000,0x00000000d6680000)
 ParOldGen       total 1070592K, used 1070249K [0x0000000080000000, 0x00000000c1580000, 0x00000000d5580000)
  object space 1070592K, 99% used [0x0000000080000000,0x00000000c152a4b0,0x00000000c1580000)
 Metaspace       used 86604K, committed 88448K, reserved 1179648K
  class space    used 8868K, committed 9728K, reserved 1048576K
}
Event: 305.763 GC heap before
{Heap before GC invocations=1741 (full 4):
 PSYoungGen      total 16896K, used 16546K [0x00000000d5580000, 0x00000000d7000000, 0x0000000100000000)
  eden space 8192K, 100% used [0x00000000d5580000,0x00000000d5d80000,0x00000000d5d80000)
  from space 8704K, 95% used [0x00000000d6680000,0x00000000d6ea8800,0x00000000d6f00000)
  to   space 9216K, 0% used [0x00000000d5d80000,0x00000000d5d80000,0x00000000d6680000)
 ParOldGen       total 1070592K, used 1070249K [0x0000000080000000, 0x00000000c1580000, 0x00000000d5580000)
  object space 1070592K, 99% used [0x0000000080000000,0x00000000c152a4b0,0x00000000c1580000)
 Metaspace       used 86604K, committed 88448K, reserved 1179648K
  class space    used 8868K, committed 9728K, reserved 1048576K
}
Event: 305.774 GC heap after
{Heap after GC invocations=1741 (full 4):
 PSYoungGen      total 14848K, used 6398K [0x00000000d5580000, 0x00000000d6b80000, 0x0000000100000000)
  eden space 8192K, 0% used [0x00000000d5580000,0x00000000d5580000,0x00000000d5d80000)
  from space 6656K, 96% used [0x00000000d5d80000,0x00000000d63bfb88,0x00000000d6400000)
  to   space 7168K, 0% used [0x00000000d6480000,0x00000000d6480000,0x00000000d6b80000)
 ParOldGen       total 1078272K, used 1078209K [0x0000000080000000, 0x00000000c1d00000, 0x00000000d5580000)
  object space 1078272K, 99% used [0x0000000080000000,0x00000000c1cf04b0,0x00000000c1d00000)
 Metaspace       used 86604K, committed 88448K, reserved 1179648K
  class space    used 8868K, committed 9728K, reserved 1048576K
}
Event: 305.781 GC heap before
{Heap before GC invocations=1742 (full 4):
 PSYoungGen      total 14848K, used 14590K [0x00000000d5580000, 0x00000000d6b80000, 0x0000000100000000)
  eden space 8192K, 100% used [0x00000000d5580000,0x00000000d5d80000,0x00000000d5d80000)
  from space 6656K, 96% used [0x00000000d5d80000,0x00000000d63bfb88,0x00000000d6400000)
  to   space 7168K, 0% used [0x00000000d6480000,0x00000000d6480000,0x00000000d6b80000)
 ParOldGen       total 1078272K, used 1078209K [0x0000000080000000, 0x00000000c1d00000, 0x00000000d5580000)
  object space 1078272K, 99% used [0x0000000080000000,0x00000000c1cf04b0,0x00000000c1d00000)
 Metaspace       used 86604K, committed 88448K, reserved 1179648K
  class space    used 8868K, committed 9728K, reserved 1048576K
}
Event: 305.789 GC heap after
{Heap after GC invocations=1742 (full 4):
 PSYoungGen      total 15872K, used 6504K [0x00000000d5580000, 0x00000000d6c80000, 0x0000000100000000)
  eden space 8704K, 0% used [0x00000000d5580000,0x00000000d5580000,0x00000000d5e00000)
  from space 7168K, 90% used [0x00000000d6480000,0x00000000d6ada2a0,0x00000000d6b80000)
  to   space 6656K, 0% used [0x00000000d5e00000,0x00000000d5e00000,0x00000000d6480000)
 ParOldGen       total 1084928K, used 1084557K [0x0000000080000000, 0x00000000c2380000, 0x00000000d5580000)
  object space 1084928K, 99% used [0x0000000080000000,0x00000000c2323450,0x00000000c2380000)
 Metaspace       used 86604K, committed 88448K, reserved 1179648K
  class space    used 8868K, committed 9728K, reserved 1048576K
}
Event: 305.809 GC heap before
{Heap before GC invocations=1743 (full 4):
 PSYoungGen      total 15872K, used 15208K [0x00000000d5580000, 0x00000000d6c80000, 0x0000000100000000)
  eden space 8704K, 100% used [0x00000000d5580000,0x00000000d5e00000,0x00000000d5e00000)
  from space 7168K, 90% used [0x00000000d6480000,0x00000000d6ada2a0,0x00000000d6b80000)
  to   space 6656K, 0% used [0x00000000d5e00000,0x00000000d5e00000,0x00000000d6480000)
 ParOldGen       total 1084928K, used 1084557K [0x0000000080000000, 0x00000000c2380000, 0x00000000d5580000)
  object space 1084928K, 99% used [0x0000000080000000,0x00000000c2323450,0x00000000c2380000)
 Metaspace       used 86604K, committed 88448K, reserved 1179648K
  class space    used 8868K, committed 9728K, reserved 1048576K
}
Event: 305.814 GC heap after
{Heap after GC invocations=1743 (full 4):
 PSYoungGen      total 15360K, used 5232K [0x00000000d5580000, 0x00000000d6c00000, 0x0000000100000000)
  eden space 8704K, 0% used [0x00000000d5580000,0x00000000d5580000,0x00000000d5e00000)
  from space 6656K, 78% used [0x00000000d5e00000,0x00000000d631c000,0x00000000d6480000)
  to   space 6144K, 0% used [0x00000000d6600000,0x00000000d6600000,0x00000000d6c00000)
 ParOldGen       total 1091072K, used 1090912K [0x0000000080000000, 0x00000000c2980000, 0x00000000d5580000)
  object space 1091072K, 99% used [0x0000000080000000,0x00000000c29581c8,0x00000000c2980000)
 Metaspace       used 86604K, committed 88448K, reserved 1179648K
  class space    used 8868K, committed 9728K, reserved 1048576K
}
Event: 305.879 GC heap before
{Heap before GC invocations=1744 (full 4):
 PSYoungGen      total 15360K, used 13925K [0x00000000d5580000, 0x00000000d6c00000, 0x0000000100000000)
  eden space 8704K, 99% used [0x00000000d5580000,0x00000000d5dfd780,0x00000000d5e00000)
  from space 6656K, 78% used [0x00000000d5e00000,0x00000000d631c000,0x00000000d6480000)
  to   space 6144K, 0% used [0x00000000d6600000,0x00000000d6600000,0x00000000d6c00000)
 ParOldGen       total 1091072K, used 1090912K [0x0000000080000000, 0x00000000c2980000, 0x00000000d5580000)
  object space 1091072K, 99% used [0x0000000080000000,0x00000000c29581c8,0x00000000c2980000)
 Metaspace       used 86619K, committed 88512K, reserved 1179648K
  class space    used 8868K, committed 9728K, reserved 1048576K
}
Event: 305.887 GC heap after
{Heap after GC invocations=1744 (full 4):
 PSYoungGen      total 14336K, used 3199K [0x00000000d5580000, 0x00000000d6980000, 0x0000000100000000)
  eden space 10752K, 0% used [0x00000000d5580000,0x00000000d5580000,0x00000000d6000000)
  from space 3584K, 89% used [0x00000000d6600000,0x00000000d691fca8,0x00000000d6980000)
  to   space 4096K, 0% used [0x00000000d6180000,0x00000000d6180000,0x00000000d6580000)
 ParOldGen       total 1095168K, used 1095032K [0x0000000080000000, 0x00000000c2d80000, 0x00000000d5580000)
  object space 1095168K, 99% used [0x0000000080000000,0x00000000c2d5e1e8,0x00000000c2d80000)
 Metaspace       used 86619K, committed 88512K, reserved 1179648K
  class space    used 8868K, committed 9728K, reserved 1048576K
}
Event: 305.909 GC heap before
{Heap before GC invocations=1745 (full 4):
 PSYoungGen      total 14336K, used 13951K [0x00000000d5580000, 0x00000000d6980000, 0x0000000100000000)
  eden space 10752K, 100% used [0x00000000d5580000,0x00000000d6000000,0x00000000d6000000)
  from space 3584K, 89% used [0x00000000d6600000,0x00000000d691fca8,0x00000000d6980000)
  to   space 4096K, 0% used [0x00000000d6180000,0x00000000d6180000,0x00000000d6580000)
 ParOldGen       total 1095168K, used 1095032K [0x0000000080000000, 0x00000000c2d80000, 0x00000000d5580000)
  object space 1095168K, 99% used [0x0000000080000000,0x00000000c2d5e1e8,0x00000000c2d80000)
 Metaspace       used 86619K, committed 88512K, reserved 1179648K
  class space    used 8868K, committed 9728K, reserved 1048576K
}
Event: 305.914 GC heap after
{Heap after GC invocations=1745 (full 4):
 PSYoungGen      total 16384K, used 4071K [0x00000000d5580000, 0x00000000d7880000, 0x0000000100000000)
  eden space 12288K, 0% used [0x00000000d5580000,0x00000000d5580000,0x00000000d6180000)
  from space 4096K, 99% used [0x00000000d6180000,0x00000000d6579f70,0x00000000d6580000)
  to   space 11264K, 0% used [0x00000000d6d80000,0x00000000d6d80000,0x00000000d7880000)
 ParOldGen       total 1100800K, used 1100624K [0x0000000080000000, 0x00000000c3300000, 0x00000000d5580000)
  object space 1100800K, 99% used [0x0000000080000000,0x00000000c32d40c8,0x00000000c3300000)
 Metaspace       used 86619K, committed 88512K, reserved 1179648K
  class space    used 8868K, committed 9728K, reserved 1048576K
}
Event: 316.240 GC heap before
{Heap before GC invocations=1746 (full 4):
 PSYoungGen      total 16384K, used 16359K [0x00000000d5580000, 0x00000000d7880000, 0x0000000100000000)
  eden space 12288K, 100% used [0x00000000d5580000,0x00000000d6180000,0x00000000d6180000)
  from space 4096K, 99% used [0x00000000d6180000,0x00000000d6579f70,0x00000000d6580000)
  to   space 11264K, 0% used [0x00000000d6d80000,0x00000000d6d80000,0x00000000d7880000)
 ParOldGen       total 1100800K, used 1100624K [0x0000000080000000, 0x00000000c3300000, 0x00000000d5580000)
  object space 1100800K, 99% used [0x0000000080000000,0x00000000c32d40c8,0x00000000c3300000)
 Metaspace       used 86979K, committed 88832K, reserved 1179648K
  class space    used 8906K, committed 9728K, reserved 1048576K
}
Event: 316.243 GC heap after
{Heap after GC invocations=1746 (full 4):
 PSYoungGen      total 13824K, used 1376K [0x00000000d5580000, 0x00000000d6f00000, 0x0000000100000000)
  eden space 12288K, 0% used [0x00000000d5580000,0x00000000d5580000,0x00000000d6180000)
  from space 1536K, 89% used [0x00000000d6d80000,0x00000000d6ed8000,0x00000000d6f00000)
  to   space 4608K, 0% used [0x00000000d6600000,0x00000000d6600000,0x00000000d6a80000)
 ParOldGen       total 1100800K, used 1100776K [0x0000000080000000, 0x00000000c3300000, 0x00000000d5580000)
  object space 1100800K, 99% used [0x0000000080000000,0x00000000c32fa0c8,0x00000000c3300000)
 Metaspace       used 86979K, committed 88832K, reserved 1179648K
  class space    used 8906K, committed 9728K, reserved 1048576K
}
Event: 323.865 GC heap before
{Heap before GC invocations=1747 (full 4):
 PSYoungGen      total 13824K, used 13664K [0x00000000d5580000, 0x00000000d6f00000, 0x0000000100000000)
  eden space 12288K, 100% used [0x00000000d5580000,0x00000000d6180000,0x00000000d6180000)
  from space 1536K, 89% used [0x00000000d6d80000,0x00000000d6ed8000,0x00000000d6f00000)
  to   space 4608K, 0% used [0x00000000d6600000,0x00000000d6600000,0x00000000d6a80000)
 ParOldGen       total 1100800K, used 1100776K [0x0000000080000000, 0x00000000c3300000, 0x00000000d5580000)
  object space 1100800K, 99% used [0x0000000080000000,0x00000000c32fa0c8,0x00000000c3300000)
 Metaspace       used 87027K, committed 88832K, reserved 1179648K
  class space    used 8907K, committed 9728K, reserved 1048576K
}
Event: 323.869 GC heap after
{Heap after GC invocations=1747 (full 4):
 PSYoungGen      total 16896K, used 320K [0x00000000d5580000, 0x00000000d6e00000, 0x0000000100000000)
  eden space 12288K, 0% used [0x00000000d5580000,0x00000000d5580000,0x00000000d6180000)
  from space 4608K, 6% used [0x00000000d6600000,0x00000000d6650000,0x00000000d6a80000)
  to   space 1536K, 0% used [0x00000000d6c80000,0x00000000d6c80000,0x00000000d6e00000)
 ParOldGen       total 1102336K, used 1101992K [0x0000000080000000, 0x00000000c3480000, 0x00000000d5580000)
  object space 1102336K, 99% used [0x0000000080000000,0x00000000c342a0c8,0x00000000c3480000)
 Metaspace       used 87027K, committed 88832K, reserved 1179648K
  class space    used 8907K, committed 9728K, reserved 1048576K
}
Event: 350.479 GC heap before
{Heap before GC invocations=1748 (full 4):
 PSYoungGen      total 16896K, used 12608K [0x00000000d5580000, 0x00000000d6e00000, 0x0000000100000000)
  eden space 12288K, 100% used [0x00000000d5580000,0x00000000d6180000,0x00000000d6180000)
  from space 4608K, 6% used [0x00000000d6600000,0x00000000d6650000,0x00000000d6a80000)
  to   space 1536K, 0% used [0x00000000d6c80000,0x00000000d6c80000,0x00000000d6e00000)
 ParOldGen       total 1102336K, used 1101992K [0x0000000080000000, 0x00000000c3480000, 0x00000000d5580000)
  object space 1102336K, 99% used [0x0000000080000000,0x00000000c342a0c8,0x00000000c3480000)
 Metaspace       used 87097K, committed 88896K, reserved 1179648K
  class space    used 8910K, committed 9728K, reserved 1048576K
}
Event: 350.490 GC heap after
{Heap after GC invocations=1748 (full 4):
 PSYoungGen      total 12800K, used 256K [0x00000000d5580000, 0x00000000d6d00000, 0x0000000100000000)
  eden space 12288K, 0% used [0x00000000d5580000,0x00000000d5580000,0x00000000d6180000)
  from space 512K, 50% used [0x00000000d6c80000,0x00000000d6cc0000,0x00000000d6d00000)
  to   space 512K, 0% used [0x00000000d6c00000,0x00000000d6c00000,0x00000000d6c80000)
 ParOldGen       total 1102336K, used 1102064K [0x0000000080000000, 0x00000000c3480000, 0x00000000d5580000)
  object space 1102336K, 99% used [0x0000000080000000,0x00000000c343c0c8,0x00000000c3480000)
 Metaspace       used 87097K, committed 88896K, reserved 1179648K
  class space    used 8910K, committed 9728K, reserved 1048576K
}

